<?xml version="1.0" encoding="UTF-8"?>
<!-- Generated by org.testng.reporters.JUnitXMLReporter -->
<testsuite ignored="0" hostname="LAPTOP-8H8M56MN" failures="0" tests="6" name="Default test" time="53.634" errors="0" timestamp="2024-01-04T22:47:31 IST">
  <testcase classname="org.ictak.techblog.LoginTestClass" name="Invalidpasswordloginpage" time="2.262"/>
  <testcase classname="org.ictak.techblog.LoginTestClass" name="Invalidemailloginpage" time="2.274"/>
  <testcase classname="org.ictak.techblog.LoginTestClass" name="blankloginpage" time="2.229"/>
  <testcase classname="org.ictak.techblog.LoginTestClass" name="Validtrainerloginpage" time="0.258"/>
  <testcase classname="org.ictak.techblog.LoginTestClass" name="Validadminloginpage" time="2.281"/>
  <testcase classname="org.ictak.techblog.LoginTestClass" name="validLogin" time="2.329"/>
</testsuite> <!-- Default test -->
