<?xml version="1.0" encoding="UTF-8"?>
<testng-results ignored="0" total="6" passed="6" failed="0" skipped="0">
  <reporter-output>
  </reporter-output>
  <suite started-at="2024-01-04T22:46:37 IST" name="Default suite" finished-at="2024-01-04T22:47:31 IST" duration-ms="53634">
    <groups>
    </groups>
    <test started-at="2024-01-04T22:46:37 IST" name="Default test" finished-at="2024-01-04T22:47:31 IST" duration-ms="53634">
      <class name="org.ictak.techblog.LoginTestClass">
        <test-method is-config="true" signature="excelSetup()[pri:0, instance:org.ictak.techblog.LoginTestClass@3eb25e1a]" started-at="2024-01-04T22:46:37 IST" name="excelSetup" finished-at="2024-01-04T22:46:37 IST" duration-ms="500" status="PASS">
          <reporter-output>
          </reporter-output>
        </test-method> <!-- excelSetup -->
        <test-method is-config="true" signature="setup()[pri:0, instance:org.ictak.techblog.LoginTestClass@3eb25e1a]" started-at="2024-01-04T22:46:37 IST" name="setup" finished-at="2024-01-04T22:46:43 IST" duration-ms="5843" status="PASS">
          <reporter-output>
          </reporter-output>
        </test-method> <!-- setup -->
        <test-method signature="Invalidpasswordloginpage()[pri:1, instance:org.ictak.techblog.LoginTestClass@3eb25e1a]" started-at="2024-01-04T22:46:43 IST" name="Invalidpasswordloginpage" finished-at="2024-01-04T22:46:46 IST" duration-ms="2262" status="PASS">
          <reporter-output>
          </reporter-output>
        </test-method> <!-- Invalidpasswordloginpage -->
        <test-method is-config="true" signature="closing()[pri:0, instance:org.ictak.techblog.LoginTestClass@3eb25e1a]" started-at="2024-01-04T22:46:46 IST" name="closing" finished-at="2024-01-04T22:46:47 IST" duration-ms="1215" status="PASS">
          <reporter-output>
          </reporter-output>
        </test-method> <!-- closing -->
        <test-method is-config="true" signature="setup()[pri:0, instance:org.ictak.techblog.LoginTestClass@3eb25e1a]" started-at="2024-01-04T22:46:47 IST" name="setup" finished-at="2024-01-04T22:46:52 IST" duration-ms="5114" status="PASS">
          <reporter-output>
          </reporter-output>
        </test-method> <!-- setup -->
        <test-method signature="Invalidemailloginpage()[pri:2, instance:org.ictak.techblog.LoginTestClass@3eb25e1a]" started-at="2024-01-04T22:46:52 IST" name="Invalidemailloginpage" finished-at="2024-01-04T22:46:54 IST" duration-ms="2274" status="PASS">
          <reporter-output>
          </reporter-output>
        </test-method> <!-- Invalidemailloginpage -->
        <test-method is-config="true" signature="closing()[pri:0, instance:org.ictak.techblog.LoginTestClass@3eb25e1a]" started-at="2024-01-04T22:46:54 IST" name="closing" finished-at="2024-01-04T22:46:55 IST" duration-ms="1291" status="PASS">
          <reporter-output>
          </reporter-output>
        </test-method> <!-- closing -->
        <test-method is-config="true" signature="setup()[pri:0, instance:org.ictak.techblog.LoginTestClass@3eb25e1a]" started-at="2024-01-04T22:46:55 IST" name="setup" finished-at="2024-01-04T22:47:01 IST" duration-ms="5180" status="PASS">
          <reporter-output>
          </reporter-output>
        </test-method> <!-- setup -->
        <test-method signature="blankloginpage()[pri:3, instance:org.ictak.techblog.LoginTestClass@3eb25e1a]" started-at="2024-01-04T22:47:01 IST" name="blankloginpage" finished-at="2024-01-04T22:47:03 IST" duration-ms="2229" status="PASS">
          <reporter-output>
          </reporter-output>
        </test-method> <!-- blankloginpage -->
        <test-method is-config="true" signature="closing()[pri:0, instance:org.ictak.techblog.LoginTestClass@3eb25e1a]" started-at="2024-01-04T22:47:03 IST" name="closing" finished-at="2024-01-04T22:47:04 IST" duration-ms="1242" status="PASS">
          <reporter-output>
          </reporter-output>
        </test-method> <!-- closing -->
        <test-method is-config="true" signature="setup()[pri:0, instance:org.ictak.techblog.LoginTestClass@3eb25e1a]" started-at="2024-01-04T22:47:04 IST" name="setup" finished-at="2024-01-04T22:47:09 IST" duration-ms="5154" status="PASS">
          <reporter-output>
          </reporter-output>
        </test-method> <!-- setup -->
        <test-method signature="Validtrainerloginpage()[pri:4, instance:org.ictak.techblog.LoginTestClass@3eb25e1a]" started-at="2024-01-04T22:47:09 IST" name="Validtrainerloginpage" finished-at="2024-01-04T22:47:09 IST" duration-ms="258" status="PASS">
          <reporter-output>
          </reporter-output>
        </test-method> <!-- Validtrainerloginpage -->
        <test-method is-config="true" signature="closing()[pri:0, instance:org.ictak.techblog.LoginTestClass@3eb25e1a]" started-at="2024-01-04T22:47:09 IST" name="closing" finished-at="2024-01-04T22:47:11 IST" duration-ms="1394" status="PASS">
          <reporter-output>
          </reporter-output>
        </test-method> <!-- closing -->
        <test-method is-config="true" signature="setup()[pri:0, instance:org.ictak.techblog.LoginTestClass@3eb25e1a]" started-at="2024-01-04T22:47:11 IST" name="setup" finished-at="2024-01-04T22:47:16 IST" duration-ms="5360" status="PASS">
          <reporter-output>
          </reporter-output>
        </test-method> <!-- setup -->
        <test-method signature="Validadminloginpage()[pri:5, instance:org.ictak.techblog.LoginTestClass@3eb25e1a]" started-at="2024-01-04T22:47:16 IST" name="Validadminloginpage" finished-at="2024-01-04T22:47:19 IST" duration-ms="2281" status="PASS">
          <reporter-output>
          </reporter-output>
        </test-method> <!-- Validadminloginpage -->
        <test-method is-config="true" signature="closing()[pri:0, instance:org.ictak.techblog.LoginTestClass@3eb25e1a]" started-at="2024-01-04T22:47:19 IST" name="closing" finished-at="2024-01-04T22:47:20 IST" duration-ms="1331" status="PASS">
          <reporter-output>
          </reporter-output>
        </test-method> <!-- closing -->
        <test-method is-config="true" signature="setup()[pri:0, instance:org.ictak.techblog.LoginTestClass@3eb25e1a]" started-at="2024-01-04T22:47:20 IST" name="setup" finished-at="2024-01-04T22:47:27 IST" duration-ms="7327" status="PASS">
          <reporter-output>
          </reporter-output>
        </test-method> <!-- setup -->
        <test-method signature="validLogin()[pri:6, instance:org.ictak.techblog.LoginTestClass@3eb25e1a]" started-at="2024-01-04T22:47:27 IST" name="validLogin" finished-at="2024-01-04T22:47:30 IST" duration-ms="2329" status="PASS">
          <reporter-output>
          </reporter-output>
        </test-method> <!-- validLogin -->
        <test-method is-config="true" signature="closing()[pri:0, instance:org.ictak.techblog.LoginTestClass@3eb25e1a]" started-at="2024-01-04T22:47:30 IST" name="closing" finished-at="2024-01-04T22:47:31 IST" duration-ms="1489" status="PASS">
          <reporter-output>
          </reporter-output>
        </test-method> <!-- closing -->
      </class> <!-- org.ictak.techblog.LoginTestClass -->
    </test> <!-- Default test -->
  </suite> <!-- Default suite -->
</testng-results>
