<?xml version="1.0" encoding="UTF-8"?>
<testng-results ignored="0" total="13" passed="8" failed="5" skipped="0">
  <reporter-output>
  </reporter-output>
  <suite started-at="2024-01-05T20:59:35 IST" name="Default suite" finished-at="2024-01-05T21:11:38 IST" duration-ms="723397">
    <groups>
    </groups>
    <test started-at="2024-01-05T20:59:35 IST" name="Default test" finished-at="2024-01-05T21:11:38 IST" duration-ms="723397">
      <class name="org.ictak.techblog.AdminFunctionalityTestClass">
        <test-method is-config="true" signature="setup()[pri:0, instance:org.ictak.techblog.AdminFunctionalityTestClass@77fbd92c]" started-at="2024-01-05T20:59:35 IST" name="setup" finished-at="2024-01-05T21:01:00 IST" duration-ms="85018" status="PASS">
          <reporter-output>
          </reporter-output>
        </test-method> <!-- setup -->
        <test-method signature="loginpage()[pri:1, instance:org.ictak.techblog.AdminFunctionalityTestClass@77fbd92c]" started-at="2024-01-05T21:01:00 IST" name="loginpage" finished-at="2024-01-05T21:01:44 IST" duration-ms="44301" status="PASS">
          <reporter-output>
          </reporter-output>
        </test-method> <!-- loginpage -->
        <test-method signature="allpages()[pri:2, instance:org.ictak.techblog.AdminFunctionalityTestClass@77fbd92c]" started-at="2024-01-05T21:01:45 IST" name="allpages" finished-at="2024-01-05T21:02:04 IST" duration-ms="19817" status="PASS">
          <reporter-output>
          </reporter-output>
        </test-method> <!-- allpages -->
        <test-method signature="allpostedit()[pri:3, instance:org.ictak.techblog.AdminFunctionalityTestClass@77fbd92c]" started-at="2024-01-05T21:02:04 IST" name="allpostedit" finished-at="2024-01-05T21:02:57 IST" duration-ms="53111" status="FAIL">
          <exception class="org.openqa.selenium.ElementClickInterceptedException">
            <message>
              <![CDATA[element click intercepted: Element is not clickable at point (435, -341)
  (Session info: chrome=109.0.5414.168)
Build info: version: '4.15.0', revision: '1d14b5521b'
System info: os.name: 'Windows 8.1', os.arch: 'amd64', os.version: '6.3', java.version: '21'
Driver info: org.openqa.selenium.chrome.ChromeDriver
Command: [e09b049afddabe96bc907cc30d631c72, clickElement {id=01b2f662-d564-45d4-aeab-40f977e5a69b}]
Capabilities {acceptInsecureCerts: false, browserName: chrome, browserVersion: 109.0.5414.168, chrome: {chromedriverVersion: 109.0.5414.74 (e7c5703604da..., userDataDir: C:\Users\MOHAMM~1\AppData\L...}, goog:chromeOptions: {debuggerAddress: localhost:51177}, networkConnectionEnabled: false, pageLoadStrategy: normal, platformName: windows, proxy: Proxy(), se:cdp: ws://localhost:51177/devtoo..., se:cdpVersion: 109.0.5414.168, setWindowRect: true, strictFileInteractability: false, timeouts: {implicit: 0, pageLoad: 300000, script: 30000}, unhandledPromptBehavior: dismiss and notify, webauthn:extension:credBlob: true, webauthn:extension:largeBlob: true, webauthn:virtualAuthenticators: true}
Element: [[ChromeDriver: chrome on windows (e09b049afddabe96bc907cc30d631c72)] -> xpath: (//a[@id='nav'])[2]]
Session ID: e09b049afddabe96bc907cc30d631c72]]>
            </message>
            <full-stacktrace>
              <![CDATA[org.openqa.selenium.ElementClickInterceptedException: element click intercepted: Element is not clickable at point (435, -341)
  (Session info: chrome=109.0.5414.168)
Build info: version: '4.15.0', revision: '1d14b5521b'
System info: os.name: 'Windows 8.1', os.arch: 'amd64', os.version: '6.3', java.version: '21'
Driver info: org.openqa.selenium.chrome.ChromeDriver
Command: [e09b049afddabe96bc907cc30d631c72, clickElement {id=01b2f662-d564-45d4-aeab-40f977e5a69b}]
Capabilities {acceptInsecureCerts: false, browserName: chrome, browserVersion: 109.0.5414.168, chrome: {chromedriverVersion: 109.0.5414.74 (e7c5703604da..., userDataDir: C:\Users\MOHAMM~1\AppData\L...}, goog:chromeOptions: {debuggerAddress: localhost:51177}, networkConnectionEnabled: false, pageLoadStrategy: normal, platformName: windows, proxy: Proxy(), se:cdp: ws://localhost:51177/devtoo..., se:cdpVersion: 109.0.5414.168, setWindowRect: true, strictFileInteractability: false, timeouts: {implicit: 0, pageLoad: 300000, script: 30000}, unhandledPromptBehavior: dismiss and notify, webauthn:extension:credBlob: true, webauthn:extension:largeBlob: true, webauthn:virtualAuthenticators: true}
Element: [[ChromeDriver: chrome on windows (e09b049afddabe96bc907cc30d631c72)] -> xpath: (//a[@id='nav'])[2]]
Session ID: e09b049afddabe96bc907cc30d631c72
at java.base/jdk.internal.reflect.DirectConstructorHandleAccessor.newInstance(DirectConstructorHandleAccessor.java:62)
at java.base/java.lang.reflect.Constructor.newInstanceWithCaller(Constructor.java:502)
at java.base/java.lang.reflect.Constructor.newInstance(Constructor.java:486)
at org.openqa.selenium.remote.codec.w3c.W3CHttpResponseCodec.createException(W3CHttpResponseCodec.java:200)
at org.openqa.selenium.remote.codec.w3c.W3CHttpResponseCodec.decode(W3CHttpResponseCodec.java:133)
at org.openqa.selenium.remote.codec.w3c.W3CHttpResponseCodec.decode(W3CHttpResponseCodec.java:52)
at org.openqa.selenium.remote.HttpCommandExecutor.execute(HttpCommandExecutor.java:191)
at org.openqa.selenium.remote.service.DriverCommandExecutor.invokeExecute(DriverCommandExecutor.java:200)
at org.openqa.selenium.remote.service.DriverCommandExecutor.execute(DriverCommandExecutor.java:175)
at org.openqa.selenium.remote.RemoteWebDriver.execute(RemoteWebDriver.java:607)
at org.openqa.selenium.remote.RemoteWebElement.execute(RemoteWebElement.java:224)
at org.openqa.selenium.remote.RemoteWebElement.click(RemoteWebElement.java:77)
at org.ictak.pages.AllPost.clickDeleteButton(AllPost.java:37)
at org.ictak.techblog.AdminFunctionalityTestClass.allpostedit(AdminFunctionalityTestClass.java:68)
at java.base/jdk.internal.reflect.DirectMethodHandleAccessor.invoke(DirectMethodHandleAccessor.java:103)
at java.base/java.lang.reflect.Method.invoke(Method.java:580)
at org.testng.internal.invokers.MethodInvocationHelper.invokeMethod(MethodInvocationHelper.java:139)
at org.testng.internal.invokers.TestInvoker.invokeMethod(TestInvoker.java:677)
at org.testng.internal.invokers.TestInvoker.invokeTestMethod(TestInvoker.java:221)
at org.testng.internal.invokers.MethodRunner.runInSequence(MethodRunner.java:50)
at org.testng.internal.invokers.TestInvoker$MethodInvocationAgent.invoke(TestInvoker.java:969)
at org.testng.internal.invokers.TestInvoker.invokeTestMethods(TestInvoker.java:194)
at org.testng.internal.invokers.TestMethodWorker.invokeTestMethods(TestMethodWorker.java:148)
at org.testng.internal.invokers.TestMethodWorker.run(TestMethodWorker.java:128)
at java.base/java.util.ArrayList.forEach(ArrayList.java:1596)
at org.testng.TestRunner.privateRun(TestRunner.java:829)
at org.testng.TestRunner.run(TestRunner.java:602)
at org.testng.SuiteRunner.runTest(SuiteRunner.java:437)
at org.testng.SuiteRunner.runSequentially(SuiteRunner.java:431)
at org.testng.SuiteRunner.privateRun(SuiteRunner.java:391)
at org.testng.SuiteRunner.run(SuiteRunner.java:330)
at org.testng.SuiteRunnerWorker.runSuite(SuiteRunnerWorker.java:52)
at org.testng.SuiteRunnerWorker.run(SuiteRunnerWorker.java:95)
at org.testng.TestNG.runSuitesSequentially(TestNG.java:1256)
at org.testng.TestNG.runSuitesLocally(TestNG.java:1176)
at org.testng.TestNG.runSuites(TestNG.java:1099)
at org.testng.TestNG.run(TestNG.java:1067)
at org.testng.remote.AbstractRemoteTestNG.run(AbstractRemoteTestNG.java:115)
at org.testng.remote.RemoteTestNG.initAndRun(RemoteTestNG.java:251)
at org.testng.remote.RemoteTestNG.main(RemoteTestNG.java:77)
]]>
            </full-stacktrace>
          </exception> <!-- org.openqa.selenium.ElementClickInterceptedException -->
          <reporter-output>
          </reporter-output>
        </test-method> <!-- allpostedit -->
        <test-method signature="Mypost()[pri:4, instance:org.ictak.techblog.AdminFunctionalityTestClass@77fbd92c]" started-at="2024-01-05T21:02:58 IST" name="Mypost" finished-at="2024-01-05T21:03:29 IST" duration-ms="30979" status="PASS">
          <reporter-output>
          </reporter-output>
        </test-method> <!-- Mypost -->
        <test-method signature="editMypost()[pri:5, instance:org.ictak.techblog.AdminFunctionalityTestClass@77fbd92c]" started-at="2024-01-05T21:03:29 IST" name="editMypost" finished-at="2024-01-05T21:04:50 IST" duration-ms="81086" status="PASS">
          <reporter-output>
          </reporter-output>
        </test-method> <!-- editMypost -->
        <test-method signature="pendingapproval()[pri:6, instance:org.ictak.techblog.AdminFunctionalityTestClass@77fbd92c]" started-at="2024-01-05T21:04:50 IST" name="pendingapproval" finished-at="2024-01-05T21:05:41 IST" duration-ms="50785" status="PASS">
          <reporter-output>
          </reporter-output>
        </test-method> <!-- pendingapproval -->
        <test-method signature="adminRejctcomnt()[pri:7, instance:org.ictak.techblog.AdminFunctionalityTestClass@77fbd92c]" started-at="2024-01-05T21:05:41 IST" name="adminRejctcomnt" finished-at="2024-01-05T21:07:13 IST" duration-ms="92110" status="PASS">
          <reporter-output>
          </reporter-output>
        </test-method> <!-- adminRejctcomnt -->
        <test-method signature="addOrRemove()[pri:8, instance:org.ictak.techblog.AdminFunctionalityTestClass@77fbd92c]" started-at="2024-01-05T21:07:13 IST" name="addOrRemove" finished-at="2024-01-05T21:08:17 IST" duration-ms="64096" status="PASS">
          <reporter-output>
          </reporter-output>
        </test-method> <!-- addOrRemove -->
        <test-method signature="addnewpost()[pri:9, instance:org.ictak.techblog.AdminFunctionalityTestClass@77fbd92c]" started-at="2024-01-05T21:08:17 IST" name="addnewpost" finished-at="2024-01-05T21:09:46 IST" duration-ms="88400" status="FAIL">
          <exception class="org.openqa.selenium.UnhandledAlertException">
            <message>
              <![CDATA[unexpected alert open: {Alert text : New Post Added}
  (Session info: chrome=109.0.5414.168): New Post Added
Build info: version: '4.15.0', revision: '1d14b5521b'
System info: os.name: 'Windows 8.1', os.arch: 'amd64', os.version: '6.3', java.version: '21'
Driver info: org.openqa.selenium.chrome.ChromeDriver
Command: [e09b049afddabe96bc907cc30d631c72, findElement {using=xpath, value=//button[@type='submit']}]
Capabilities {acceptInsecureCerts: false, browserName: chrome, browserVersion: 109.0.5414.168, chrome: {chromedriverVersion: 109.0.5414.74 (e7c5703604da..., userDataDir: C:\Users\MOHAMM~1\AppData\L...}, goog:chromeOptions: {debuggerAddress: localhost:51177}, networkConnectionEnabled: false, pageLoadStrategy: normal, platformName: windows, proxy: Proxy(), se:cdp: ws://localhost:51177/devtoo..., se:cdpVersion: 109.0.5414.168, setWindowRect: true, strictFileInteractability: false, timeouts: {implicit: 0, pageLoad: 300000, script: 30000}, unhandledPromptBehavior: dismiss and notify, webauthn:extension:credBlob: true, webauthn:extension:largeBlob: true, webauthn:virtualAuthenticators: true}
Session ID: e09b049afddabe96bc907cc30d631c72]]>
            </message>
            <full-stacktrace>
              <![CDATA[org.openqa.selenium.UnhandledAlertException: unexpected alert open: {Alert text : New Post Added}
  (Session info: chrome=109.0.5414.168): New Post Added
Build info: version: '4.15.0', revision: '1d14b5521b'
System info: os.name: 'Windows 8.1', os.arch: 'amd64', os.version: '6.3', java.version: '21'
Driver info: org.openqa.selenium.chrome.ChromeDriver
Command: [e09b049afddabe96bc907cc30d631c72, findElement {using=xpath, value=//button[@type='submit']}]
Capabilities {acceptInsecureCerts: false, browserName: chrome, browserVersion: 109.0.5414.168, chrome: {chromedriverVersion: 109.0.5414.74 (e7c5703604da..., userDataDir: C:\Users\MOHAMM~1\AppData\L...}, goog:chromeOptions: {debuggerAddress: localhost:51177}, networkConnectionEnabled: false, pageLoadStrategy: normal, platformName: windows, proxy: Proxy(), se:cdp: ws://localhost:51177/devtoo..., se:cdpVersion: 109.0.5414.168, setWindowRect: true, strictFileInteractability: false, timeouts: {implicit: 0, pageLoad: 300000, script: 30000}, unhandledPromptBehavior: dismiss and notify, webauthn:extension:credBlob: true, webauthn:extension:largeBlob: true, webauthn:virtualAuthenticators: true}
Session ID: e09b049afddabe96bc907cc30d631c72
at org.openqa.selenium.remote.codec.w3c.W3CHttpResponseCodec.decode(W3CHttpResponseCodec.java:131)
at org.openqa.selenium.remote.codec.w3c.W3CHttpResponseCodec.decode(W3CHttpResponseCodec.java:52)
at org.openqa.selenium.remote.HttpCommandExecutor.execute(HttpCommandExecutor.java:191)
at org.openqa.selenium.remote.service.DriverCommandExecutor.invokeExecute(DriverCommandExecutor.java:200)
at org.openqa.selenium.remote.service.DriverCommandExecutor.execute(DriverCommandExecutor.java:175)
at org.openqa.selenium.remote.RemoteWebDriver.execute(RemoteWebDriver.java:607)
at org.openqa.selenium.remote.ElementLocation$ElementFinder$2.findElement(ElementLocation.java:165)
at org.openqa.selenium.remote.ElementLocation.findElement(ElementLocation.java:59)
at org.openqa.selenium.remote.RemoteWebDriver.findElement(RemoteWebDriver.java:364)
at org.openqa.selenium.remote.RemoteWebDriver.findElement(RemoteWebDriver.java:358)
at org.ictak.pages.AddNewPost.addingnewpost(AddNewPost.java:45)
at org.ictak.techblog.AdminFunctionalityTestClass.addnewpost(AdminFunctionalityTestClass.java:120)
at java.base/jdk.internal.reflect.DirectMethodHandleAccessor.invoke(DirectMethodHandleAccessor.java:103)
at java.base/java.lang.reflect.Method.invoke(Method.java:580)
at org.testng.internal.invokers.MethodInvocationHelper.invokeMethod(MethodInvocationHelper.java:139)
at org.testng.internal.invokers.TestInvoker.invokeMethod(TestInvoker.java:677)
at org.testng.internal.invokers.TestInvoker.invokeTestMethod(TestInvoker.java:221)
at org.testng.internal.invokers.MethodRunner.runInSequence(MethodRunner.java:50)
at org.testng.internal.invokers.TestInvoker$MethodInvocationAgent.invoke(TestInvoker.java:969)
at org.testng.internal.invokers.TestInvoker.invokeTestMethods(TestInvoker.java:194)
at org.testng.internal.invokers.TestMethodWorker.invokeTestMethods(TestMethodWorker.java:148)
at org.testng.internal.invokers.TestMethodWorker.run(TestMethodWorker.java:128)
at java.base/java.util.ArrayList.forEach(ArrayList.java:1596)
at org.testng.TestRunner.privateRun(TestRunner.java:829)
at org.testng.TestRunner.run(TestRunner.java:602)
at org.testng.SuiteRunner.runTest(SuiteRunner.java:437)
at org.testng.SuiteRunner.runSequentially(SuiteRunner.java:431)
at org.testng.SuiteRunner.privateRun(SuiteRunner.java:391)
at org.testng.SuiteRunner.run(SuiteRunner.java:330)
at org.testng.SuiteRunnerWorker.runSuite(SuiteRunnerWorker.java:52)
at org.testng.SuiteRunnerWorker.run(SuiteRunnerWorker.java:95)
at org.testng.TestNG.runSuitesSequentially(TestNG.java:1256)
at org.testng.TestNG.runSuitesLocally(TestNG.java:1176)
at org.testng.TestNG.runSuites(TestNG.java:1099)
at org.testng.TestNG.run(TestNG.java:1067)
at org.testng.remote.AbstractRemoteTestNG.run(AbstractRemoteTestNG.java:115)
at org.testng.remote.RemoteTestNG.initAndRun(RemoteTestNG.java:251)
at org.testng.remote.RemoteTestNG.main(RemoteTestNG.java:77)
]]>
            </full-stacktrace>
          </exception> <!-- org.openqa.selenium.UnhandledAlertException -->
          <reporter-output>
          </reporter-output>
        </test-method> <!-- addnewpost -->
        <test-method signature="categories()[pri:10, instance:org.ictak.techblog.AdminFunctionalityTestClass@77fbd92c]" started-at="2024-01-05T21:09:46 IST" name="categories" finished-at="2024-01-05T21:10:26 IST" duration-ms="40070" status="FAIL">
          <exception class="org.openqa.selenium.ElementClickInterceptedException">
            <message>
              <![CDATA[element click intercepted: Element is not clickable at point (686, -399)
  (Session info: chrome=109.0.5414.168)
Build info: version: '4.15.0', revision: '1d14b5521b'
System info: os.name: 'Windows 8.1', os.arch: 'amd64', os.version: '6.3', java.version: '21'
Driver info: org.openqa.selenium.chrome.ChromeDriver
Command: [e09b049afddabe96bc907cc30d631c72, clickElement {id=29640660-10e7-4ce0-a24f-698eb79abbe5}]
Capabilities {acceptInsecureCerts: false, browserName: chrome, browserVersion: 109.0.5414.168, chrome: {chromedriverVersion: 109.0.5414.74 (e7c5703604da..., userDataDir: C:\Users\MOHAMM~1\AppData\L...}, goog:chromeOptions: {debuggerAddress: localhost:51177}, networkConnectionEnabled: false, pageLoadStrategy: normal, platformName: windows, proxy: Proxy(), se:cdp: ws://localhost:51177/devtoo..., se:cdpVersion: 109.0.5414.168, setWindowRect: true, strictFileInteractability: false, timeouts: {implicit: 0, pageLoad: 300000, script: 30000}, unhandledPromptBehavior: dismiss and notify, webauthn:extension:credBlob: true, webauthn:extension:largeBlob: true, webauthn:virtualAuthenticators: true}
Element: [[ChromeDriver: chrome on windows (e09b049afddabe96bc907cc30d631c72)] -> xpath: //p[text()='Categories']]
Session ID: e09b049afddabe96bc907cc30d631c72]]>
            </message>
            <full-stacktrace>
              <![CDATA[org.openqa.selenium.ElementClickInterceptedException: element click intercepted: Element is not clickable at point (686, -399)
  (Session info: chrome=109.0.5414.168)
Build info: version: '4.15.0', revision: '1d14b5521b'
System info: os.name: 'Windows 8.1', os.arch: 'amd64', os.version: '6.3', java.version: '21'
Driver info: org.openqa.selenium.chrome.ChromeDriver
Command: [e09b049afddabe96bc907cc30d631c72, clickElement {id=29640660-10e7-4ce0-a24f-698eb79abbe5}]
Capabilities {acceptInsecureCerts: false, browserName: chrome, browserVersion: 109.0.5414.168, chrome: {chromedriverVersion: 109.0.5414.74 (e7c5703604da..., userDataDir: C:\Users\MOHAMM~1\AppData\L...}, goog:chromeOptions: {debuggerAddress: localhost:51177}, networkConnectionEnabled: false, pageLoadStrategy: normal, platformName: windows, proxy: Proxy(), se:cdp: ws://localhost:51177/devtoo..., se:cdpVersion: 109.0.5414.168, setWindowRect: true, strictFileInteractability: false, timeouts: {implicit: 0, pageLoad: 300000, script: 30000}, unhandledPromptBehavior: dismiss and notify, webauthn:extension:credBlob: true, webauthn:extension:largeBlob: true, webauthn:virtualAuthenticators: true}
Element: [[ChromeDriver: chrome on windows (e09b049afddabe96bc907cc30d631c72)] -> xpath: //p[text()='Categories']]
Session ID: e09b049afddabe96bc907cc30d631c72
at java.base/jdk.internal.reflect.DirectConstructorHandleAccessor.newInstance(DirectConstructorHandleAccessor.java:62)
at java.base/java.lang.reflect.Constructor.newInstanceWithCaller(Constructor.java:502)
at java.base/java.lang.reflect.Constructor.newInstance(Constructor.java:486)
at org.openqa.selenium.remote.codec.w3c.W3CHttpResponseCodec.createException(W3CHttpResponseCodec.java:200)
at org.openqa.selenium.remote.codec.w3c.W3CHttpResponseCodec.decode(W3CHttpResponseCodec.java:133)
at org.openqa.selenium.remote.codec.w3c.W3CHttpResponseCodec.decode(W3CHttpResponseCodec.java:52)
at org.openqa.selenium.remote.HttpCommandExecutor.execute(HttpCommandExecutor.java:191)
at org.openqa.selenium.remote.service.DriverCommandExecutor.invokeExecute(DriverCommandExecutor.java:200)
at org.openqa.selenium.remote.service.DriverCommandExecutor.execute(DriverCommandExecutor.java:175)
at org.openqa.selenium.remote.RemoteWebDriver.execute(RemoteWebDriver.java:607)
at org.openqa.selenium.remote.RemoteWebElement.execute(RemoteWebElement.java:224)
at org.openqa.selenium.remote.RemoteWebElement.click(RemoteWebElement.java:77)
at org.ictak.pages.Categories.CategoriesEdit(Categories.java:28)
at org.ictak.techblog.AdminFunctionalityTestClass.categories(AdminFunctionalityTestClass.java:127)
at java.base/jdk.internal.reflect.DirectMethodHandleAccessor.invoke(DirectMethodHandleAccessor.java:103)
at java.base/java.lang.reflect.Method.invoke(Method.java:580)
at org.testng.internal.invokers.MethodInvocationHelper.invokeMethod(MethodInvocationHelper.java:139)
at org.testng.internal.invokers.TestInvoker.invokeMethod(TestInvoker.java:677)
at org.testng.internal.invokers.TestInvoker.invokeTestMethod(TestInvoker.java:221)
at org.testng.internal.invokers.MethodRunner.runInSequence(MethodRunner.java:50)
at org.testng.internal.invokers.TestInvoker$MethodInvocationAgent.invoke(TestInvoker.java:969)
at org.testng.internal.invokers.TestInvoker.invokeTestMethods(TestInvoker.java:194)
at org.testng.internal.invokers.TestMethodWorker.invokeTestMethods(TestMethodWorker.java:148)
at org.testng.internal.invokers.TestMethodWorker.run(TestMethodWorker.java:128)
at java.base/java.util.ArrayList.forEach(ArrayList.java:1596)
at org.testng.TestRunner.privateRun(TestRunner.java:829)
at org.testng.TestRunner.run(TestRunner.java:602)
at org.testng.SuiteRunner.runTest(SuiteRunner.java:437)
at org.testng.SuiteRunner.runSequentially(SuiteRunner.java:431)
at org.testng.SuiteRunner.privateRun(SuiteRunner.java:391)
at org.testng.SuiteRunner.run(SuiteRunner.java:330)
at org.testng.SuiteRunnerWorker.runSuite(SuiteRunnerWorker.java:52)
at org.testng.SuiteRunnerWorker.run(SuiteRunnerWorker.java:95)
at org.testng.TestNG.runSuitesSequentially(TestNG.java:1256)
at org.testng.TestNG.runSuitesLocally(TestNG.java:1176)
at org.testng.TestNG.runSuites(TestNG.java:1099)
at org.testng.TestNG.run(TestNG.java:1067)
at org.testng.remote.AbstractRemoteTestNG.run(AbstractRemoteTestNG.java:115)
at org.testng.remote.RemoteTestNG.initAndRun(RemoteTestNG.java:251)
at org.testng.remote.RemoteTestNG.main(RemoteTestNG.java:77)
]]>
            </full-stacktrace>
          </exception> <!-- org.openqa.selenium.ElementClickInterceptedException -->
          <reporter-output>
          </reporter-output>
        </test-method> <!-- categories -->
        <test-method signature="editingcategories()[pri:11, instance:org.ictak.techblog.AdminFunctionalityTestClass@77fbd92c]" started-at="2024-01-05T21:10:26 IST" name="editingcategories" finished-at="2024-01-05T21:10:53 IST" duration-ms="27030" status="FAIL">
          <exception class="org.openqa.selenium.NoSuchElementException">
            <message>
              <![CDATA[no such element: Unable to locate element: {"method":"css selector","selector":"#exampleInputEmail1"}
  (Session info: chrome=109.0.5414.168)
For documentation on this error, please visit: https://www.selenium.dev/documentation/webdriver/troubleshooting/errors#no-such-element-exception
Build info: version: '4.15.0', revision: '1d14b5521b'
System info: os.name: 'Windows 8.1', os.arch: 'amd64', os.version: '6.3', java.version: '21'
Driver info: org.openqa.selenium.chrome.ChromeDriver
Command: [e09b049afddabe96bc907cc30d631c72, findElement {using=id, value=exampleInputEmail1}]
Capabilities {acceptInsecureCerts: false, browserName: chrome, browserVersion: 109.0.5414.168, chrome: {chromedriverVersion: 109.0.5414.74 (e7c5703604da..., userDataDir: C:\Users\MOHAMM~1\AppData\L...}, goog:chromeOptions: {debuggerAddress: localhost:51177}, networkConnectionEnabled: false, pageLoadStrategy: normal, platformName: windows, proxy: Proxy(), se:cdp: ws://localhost:51177/devtoo..., se:cdpVersion: 109.0.5414.168, setWindowRect: true, strictFileInteractability: false, timeouts: {implicit: 0, pageLoad: 300000, script: 30000}, unhandledPromptBehavior: dismiss and notify, webauthn:extension:credBlob: true, webauthn:extension:largeBlob: true, webauthn:virtualAuthenticators: true}
Session ID: e09b049afddabe96bc907cc30d631c72]]>
            </message>
            <full-stacktrace>
              <![CDATA[org.openqa.selenium.NoSuchElementException: no such element: Unable to locate element: {"method":"css selector","selector":"#exampleInputEmail1"}
  (Session info: chrome=109.0.5414.168)
For documentation on this error, please visit: https://www.selenium.dev/documentation/webdriver/troubleshooting/errors#no-such-element-exception
Build info: version: '4.15.0', revision: '1d14b5521b'
System info: os.name: 'Windows 8.1', os.arch: 'amd64', os.version: '6.3', java.version: '21'
Driver info: org.openqa.selenium.chrome.ChromeDriver
Command: [e09b049afddabe96bc907cc30d631c72, findElement {using=id, value=exampleInputEmail1}]
Capabilities {acceptInsecureCerts: false, browserName: chrome, browserVersion: 109.0.5414.168, chrome: {chromedriverVersion: 109.0.5414.74 (e7c5703604da..., userDataDir: C:\Users\MOHAMM~1\AppData\L...}, goog:chromeOptions: {debuggerAddress: localhost:51177}, networkConnectionEnabled: false, pageLoadStrategy: normal, platformName: windows, proxy: Proxy(), se:cdp: ws://localhost:51177/devtoo..., se:cdpVersion: 109.0.5414.168, setWindowRect: true, strictFileInteractability: false, timeouts: {implicit: 0, pageLoad: 300000, script: 30000}, unhandledPromptBehavior: dismiss and notify, webauthn:extension:credBlob: true, webauthn:extension:largeBlob: true, webauthn:virtualAuthenticators: true}
Session ID: e09b049afddabe96bc907cc30d631c72
at java.base/jdk.internal.reflect.DirectConstructorHandleAccessor.newInstance(DirectConstructorHandleAccessor.java:62)
at java.base/java.lang.reflect.Constructor.newInstanceWithCaller(Constructor.java:502)
at java.base/java.lang.reflect.Constructor.newInstance(Constructor.java:486)
at org.openqa.selenium.remote.codec.w3c.W3CHttpResponseCodec.createException(W3CHttpResponseCodec.java:200)
at org.openqa.selenium.remote.codec.w3c.W3CHttpResponseCodec.decode(W3CHttpResponseCodec.java:133)
at org.openqa.selenium.remote.codec.w3c.W3CHttpResponseCodec.decode(W3CHttpResponseCodec.java:52)
at org.openqa.selenium.remote.HttpCommandExecutor.execute(HttpCommandExecutor.java:191)
at org.openqa.selenium.remote.service.DriverCommandExecutor.invokeExecute(DriverCommandExecutor.java:200)
at org.openqa.selenium.remote.service.DriverCommandExecutor.execute(DriverCommandExecutor.java:175)
at org.openqa.selenium.remote.RemoteWebDriver.execute(RemoteWebDriver.java:607)
at org.openqa.selenium.remote.ElementLocation$ElementFinder$2.findElement(ElementLocation.java:165)
at org.openqa.selenium.remote.ElementLocation.findElement(ElementLocation.java:59)
at org.openqa.selenium.remote.RemoteWebDriver.findElement(RemoteWebDriver.java:364)
at org.openqa.selenium.remote.RemoteWebDriver.findElement(RemoteWebDriver.java:358)
at org.ictak.pages.CategoriesEdit.editCategories(CategoriesEdit.java:22)
at org.ictak.techblog.AdminFunctionalityTestClass.editingcategories(AdminFunctionalityTestClass.java:135)
at java.base/jdk.internal.reflect.DirectMethodHandleAccessor.invoke(DirectMethodHandleAccessor.java:103)
at java.base/java.lang.reflect.Method.invoke(Method.java:580)
at org.testng.internal.invokers.MethodInvocationHelper.invokeMethod(MethodInvocationHelper.java:139)
at org.testng.internal.invokers.TestInvoker.invokeMethod(TestInvoker.java:677)
at org.testng.internal.invokers.TestInvoker.invokeTestMethod(TestInvoker.java:221)
at org.testng.internal.invokers.MethodRunner.runInSequence(MethodRunner.java:50)
at org.testng.internal.invokers.TestInvoker$MethodInvocationAgent.invoke(TestInvoker.java:969)
at org.testng.internal.invokers.TestInvoker.invokeTestMethods(TestInvoker.java:194)
at org.testng.internal.invokers.TestMethodWorker.invokeTestMethods(TestMethodWorker.java:148)
at org.testng.internal.invokers.TestMethodWorker.run(TestMethodWorker.java:128)
at java.base/java.util.ArrayList.forEach(ArrayList.java:1596)
at org.testng.TestRunner.privateRun(TestRunner.java:829)
at org.testng.TestRunner.run(TestRunner.java:602)
at org.testng.SuiteRunner.runTest(SuiteRunner.java:437)
at org.testng.SuiteRunner.runSequentially(SuiteRunner.java:431)
at org.testng.SuiteRunner.privateRun(SuiteRunner.java:391)
at org.testng.SuiteRunner.run(SuiteRunner.java:330)
at org.testng.SuiteRunnerWorker.runSuite(SuiteRunnerWorker.java:52)
at org.testng.SuiteRunnerWorker.run(SuiteRunnerWorker.java:95)
at org.testng.TestNG.runSuitesSequentially(TestNG.java:1256)
at org.testng.TestNG.runSuitesLocally(TestNG.java:1176)
at org.testng.TestNG.runSuites(TestNG.java:1099)
at org.testng.TestNG.run(TestNG.java:1067)
at org.testng.remote.AbstractRemoteTestNG.run(AbstractRemoteTestNG.java:115)
at org.testng.remote.RemoteTestNG.initAndRun(RemoteTestNG.java:251)
at org.testng.remote.RemoteTestNG.main(RemoteTestNG.java:77)
]]>
            </full-stacktrace>
          </exception> <!-- org.openqa.selenium.NoSuchElementException -->
          <reporter-output>
          </reporter-output>
        </test-method> <!-- editingcategories -->
        <test-method signature="about()[pri:12, instance:org.ictak.techblog.AdminFunctionalityTestClass@77fbd92c]" started-at="2024-01-05T21:10:53 IST" name="about" finished-at="2024-01-05T21:11:04 IST" duration-ms="11284" status="PASS">
          <reporter-output>
          </reporter-output>
        </test-method> <!-- about -->
        <test-method signature="contact()[pri:13, instance:org.ictak.techblog.AdminFunctionalityTestClass@77fbd92c]" started-at="2024-01-05T21:11:04 IST" name="contact" finished-at="2024-01-05T21:11:38 IST" duration-ms="33617" status="FAIL">
          <exception class="org.openqa.selenium.UnhandledAlertException">
            <message>
              <![CDATA[unexpected alert open: {Alert text : Message is send successfully}
  (Session info: chrome=109.0.5414.168): Message is send successfully
Build info: version: '4.15.0', revision: '1d14b5521b'
System info: os.name: 'Windows 8.1', os.arch: 'amd64', os.version: '6.3', java.version: '21'
Driver info: org.openqa.selenium.chrome.ChromeDriver
Command: [e09b049afddabe96bc907cc30d631c72, getCurrentUrl {}]
Capabilities {acceptInsecureCerts: false, browserName: chrome, browserVersion: 109.0.5414.168, chrome: {chromedriverVersion: 109.0.5414.74 (e7c5703604da..., userDataDir: C:\Users\MOHAMM~1\AppData\L...}, goog:chromeOptions: {debuggerAddress: localhost:51177}, networkConnectionEnabled: false, pageLoadStrategy: normal, platformName: windows, proxy: Proxy(), se:cdp: ws://localhost:51177/devtoo..., se:cdpVersion: 109.0.5414.168, setWindowRect: true, strictFileInteractability: false, timeouts: {implicit: 0, pageLoad: 300000, script: 30000}, unhandledPromptBehavior: dismiss and notify, webauthn:extension:credBlob: true, webauthn:extension:largeBlob: true, webauthn:virtualAuthenticators: true}
Session ID: e09b049afddabe96bc907cc30d631c72]]>
            </message>
            <full-stacktrace>
              <![CDATA[org.openqa.selenium.UnhandledAlertException: unexpected alert open: {Alert text : Message is send successfully}
  (Session info: chrome=109.0.5414.168): Message is send successfully
Build info: version: '4.15.0', revision: '1d14b5521b'
System info: os.name: 'Windows 8.1', os.arch: 'amd64', os.version: '6.3', java.version: '21'
Driver info: org.openqa.selenium.chrome.ChromeDriver
Command: [e09b049afddabe96bc907cc30d631c72, getCurrentUrl {}]
Capabilities {acceptInsecureCerts: false, browserName: chrome, browserVersion: 109.0.5414.168, chrome: {chromedriverVersion: 109.0.5414.74 (e7c5703604da..., userDataDir: C:\Users\MOHAMM~1\AppData\L...}, goog:chromeOptions: {debuggerAddress: localhost:51177}, networkConnectionEnabled: false, pageLoadStrategy: normal, platformName: windows, proxy: Proxy(), se:cdp: ws://localhost:51177/devtoo..., se:cdpVersion: 109.0.5414.168, setWindowRect: true, strictFileInteractability: false, timeouts: {implicit: 0, pageLoad: 300000, script: 30000}, unhandledPromptBehavior: dismiss and notify, webauthn:extension:credBlob: true, webauthn:extension:largeBlob: true, webauthn:virtualAuthenticators: true}
Session ID: e09b049afddabe96bc907cc30d631c72
at org.openqa.selenium.remote.codec.w3c.W3CHttpResponseCodec.decode(W3CHttpResponseCodec.java:131)
at org.openqa.selenium.remote.codec.w3c.W3CHttpResponseCodec.decode(W3CHttpResponseCodec.java:52)
at org.openqa.selenium.remote.HttpCommandExecutor.execute(HttpCommandExecutor.java:191)
at org.openqa.selenium.remote.service.DriverCommandExecutor.invokeExecute(DriverCommandExecutor.java:200)
at org.openqa.selenium.remote.service.DriverCommandExecutor.execute(DriverCommandExecutor.java:175)
at org.openqa.selenium.remote.RemoteWebDriver.execute(RemoteWebDriver.java:607)
at org.openqa.selenium.remote.RemoteWebDriver.execute(RemoteWebDriver.java:680)
at org.openqa.selenium.remote.RemoteWebDriver.execute(RemoteWebDriver.java:684)
at org.openqa.selenium.remote.RemoteWebDriver.getCurrentUrl(RemoteWebDriver.java:321)
at org.ictak.techblog.AdminFunctionalityTestClass.contact(AdminFunctionalityTestClass.java:161)
at java.base/jdk.internal.reflect.DirectMethodHandleAccessor.invoke(DirectMethodHandleAccessor.java:103)
at java.base/java.lang.reflect.Method.invoke(Method.java:580)
at org.testng.internal.invokers.MethodInvocationHelper.invokeMethod(MethodInvocationHelper.java:139)
at org.testng.internal.invokers.TestInvoker.invokeMethod(TestInvoker.java:677)
at org.testng.internal.invokers.TestInvoker.invokeTestMethod(TestInvoker.java:221)
at org.testng.internal.invokers.MethodRunner.runInSequence(MethodRunner.java:50)
at org.testng.internal.invokers.TestInvoker$MethodInvocationAgent.invoke(TestInvoker.java:969)
at org.testng.internal.invokers.TestInvoker.invokeTestMethods(TestInvoker.java:194)
at org.testng.internal.invokers.TestMethodWorker.invokeTestMethods(TestMethodWorker.java:148)
at org.testng.internal.invokers.TestMethodWorker.run(TestMethodWorker.java:128)
at java.base/java.util.ArrayList.forEach(ArrayList.java:1596)
at org.testng.TestRunner.privateRun(TestRunner.java:829)
at org.testng.TestRunner.run(TestRunner.java:602)
at org.testng.SuiteRunner.runTest(SuiteRunner.java:437)
at org.testng.SuiteRunner.runSequentially(SuiteRunner.java:431)
at org.testng.SuiteRunner.privateRun(SuiteRunner.java:391)
at org.testng.SuiteRunner.run(SuiteRunner.java:330)
at org.testng.SuiteRunnerWorker.runSuite(SuiteRunnerWorker.java:52)
at org.testng.SuiteRunnerWorker.run(SuiteRunnerWorker.java:95)
at org.testng.TestNG.runSuitesSequentially(TestNG.java:1256)
at org.testng.TestNG.runSuitesLocally(TestNG.java:1176)
at org.testng.TestNG.runSuites(TestNG.java:1099)
at org.testng.TestNG.run(TestNG.java:1067)
at org.testng.remote.AbstractRemoteTestNG.run(AbstractRemoteTestNG.java:115)
at org.testng.remote.RemoteTestNG.initAndRun(RemoteTestNG.java:251)
at org.testng.remote.RemoteTestNG.main(RemoteTestNG.java:77)
]]>
            </full-stacktrace>
          </exception> <!-- org.openqa.selenium.UnhandledAlertException -->
          <reporter-output>
          </reporter-output>
        </test-method> <!-- contact -->
      </class> <!-- org.ictak.techblog.AdminFunctionalityTestClass -->
    </test> <!-- Default test -->
  </suite> <!-- Default suite -->
</testng-results>
